<?xml version="1.0" encoding="UTF-8"?>
<testsuite name="Evalart" tests="1" skipped="0" failures="1" errors="0" timestamp="2022-10-20T15:55:21" hostname="JHONATAN" time="46.598">
  <properties/>
  <testcase name="Verificar que al seleccionar una coordenada se seleccione el boton correcto" classname="Evalart" time="46.598">
    <failure message="java.lang.AssertionError: For input string: &quot;&quot;" type="java.lang.AssertionError">java.lang.AssertionError: For input string: &quot;&quot;
	at net.serenitybdd.screenplay.ErrorTally.throwSummaryExceptionFrom(ErrorTally.java:38)
	at net.serenitybdd.screenplay.ErrorTally.reportAnyErrors(ErrorTally.java:32)
	at net.serenitybdd.screenplay.Actor.should(Actor.java:353)
	at tcs.stepsDefinitions.EvalartStepsDefinitions.elVerificaQueElBotonSeaElCorrecto(EvalartStepsDefinitions.java:39)
	at ✽.el verifica que el boton sea el correcto(file:///C:/Users/jhona/IdeaProjects/RetoAutomatizacionEvalart/src/test/resources/features/evalart.feature:20)
</failure>
  </testcase>
  <system-out><![CDATA[]]></system-out>
  <system-err><![CDATA[[Test worker] INFO io.cucumber.core.plugin.SerenityReporter - Running feature from file:///C:/Users/jhona/IdeaProjects/RetoAutomatizacionEvalart/src/test/resources/features/evalart.feature
[Test worker] INFO  - 
  _____   ___   ___   _____     ___   _____     _     ___   _____   ___   ___  
 |_   _| | __| / __| |_   _|   / __| |_   _|   /_\   | _ \ |_   _| | __| |   \ 
   | |   | _|  \__ \   | |     \__ \   | |    / _ \  |   /   | |   | _|  | |) |
   |_|   |___| |___/   |_|     |___/   |_|   /_/ \_\ |_|_\   |_|   |___| |___/ 

Verificar que al seleccionar una coordenada se seleccione el boton correcto(evalart;verificar-que-al-seleccionar-una-coordenada-se-seleccione-el-boton-correcto)
--------------------------------------------------------------------------------
[Test worker] INFO net.serenitybdd.core.webdriver.driverproviders.DriverProvider - Using WebDriverManager configuration for chrome
[Test worker] INFO io.github.bonigarcia.wdm.WebDriverManager - Using chromedriver 106.0.5249.61 (resolved driver for Chrome 106)
[Test worker] INFO io.github.bonigarcia.wdm.WebDriverManager - Exporting webdriver.chrome.driver as C:\Users\jhona\.cache\selenium\chromedriver\win32\106.0.5249.61\chromedriver.exe
[Test worker] INFO net.serenitybdd.core.webdriver.driverproviders.ChromeDriverProvider - Starting Chrome driver instance with capabilities:
[Test worker] INFO net.serenitybdd.core.webdriver.driverproviders.ChromeDriverProvider - Capabilities {acceptInsecureCerts: false, browserName: chrome, goog:chromeOptions: {args: [--start-maximized], extensions: []}}
Starting ChromeDriver 106.0.5249.61 (511755355844955cd3e264779baf0dd38212a4d0-refs/branch-heads/5249@{#569}) on port 50271
Only local connections are allowed.
Please see https://chromedriver.chromium.org/security-considerations for suggestions on keeping ChromeDriver safe.
ChromeDriver was started successfully.
oct 20, 2022 10:55:38 AM org.openqa.selenium.remote.ProtocolHandshake createSession
INFORMACIÓN: Detected upstream dialect: W3C
oct 20, 2022 10:55:38 AM org.openqa.selenium.devtools.CdpVersionFinder findNearestMatch
ADVERTENCIA: Unable to find an exact match for CDP version 106, so returning the closest version found: 104
oct 20, 2022 10:55:38 AM org.openqa.selenium.devtools.CdpVersionFinder findNearestMatch
INFORMACIÓN: Found CDP implementation for version 106 of 104
[Test worker] ERROR  - 
  _____   ___   ___   _____     ___   ___   ___    ___    ___ 
 |_   _| | __| / __| |_   _|   | __| | _ \ | _ \  / _ \  | _ \
   | |   | _|  \__ \   | |     | _|  |   / |   / | (_) | |   /
   |_|   |___| |___/   |_|     |___| |_|_\ |_|_\  \___/  |_|_\

Verificar que al seleccionar una coordenada se seleccione el boton correcto
---------------------------------------------------------------
[Test worker] ERROR  -     Test failed at step: Then verificar coordenada
[Test worker] ERROR  -     For input string: ""
]]></system-err>
</testsuite>
